<?xml version="1.0" encoding="UTF-8"?>
<testng-results ignored="0" total="1" passed="1" failed="0" skipped="0">
  <reporter-output>
  </reporter-output>
  <suite started-at="2020-11-24T15:47:06 IST" name="Default suite" finished-at="2020-11-24T15:47:14 IST" duration-ms="7680">
    <groups>
    </groups>
    <test started-at="2020-11-24T15:47:06 IST" name="Default test" finished-at="2020-11-24T15:47:14 IST" duration-ms="7680">
      <class name="SamplePakage.TC001">
        <test-method signature="testcase1()[pri:0, instance:SamplePakage.TC001@2d2ffcb7]" started-at="2020-11-24T15:47:06 IST" name="testcase1" finished-at="2020-11-24T15:47:14 IST" duration-ms="7648" status="PASS">
          <reporter-output>
          </reporter-output>
        </test-method> <!-- testcase1 -->
      </class> <!-- SamplePakage.TC001 -->
    </test> <!-- Default test -->
  </suite> <!-- Default suite -->
</testng-results>
